{"uuid":"697e294b-4cd0-4bcf-ace1-af468106ec27","historyId":"88792d2893cb6d9148e991e5cbc19ada","fullName":"api.tests.DDTests.testPostUser","labels":[{"name":"package","value":"api.tests.DDTests"},{"name":"testClass","value":"api.tests.DDTests"},{"name":"testMethod","value":"testPostUser"},{"name":"parentSuite","value":"Default Suite"},{"name":"suite","value":"services"},{"name":"subSuite","value":"api.tests.DDTests"},{"name":"host","value":"DESKTOP-FRMU0EO"},{"name":"thread","value":"2560@DESKTOP-FRMU0EO.main(1)"},{"name":"framework","value":"testng"},{"name":"language","value":"java"}],"links":[],"name":"testPostUser","status":"broken","statusDetails":{"known":false,"muted":false,"flaky":false,"message":"java.io.FileNotFoundException: D:\\Projects\\IdeaProjects\\ChatgptProject\\servicessrc\\test\\resources\\testData\\excelData.xlsx (The system cannot find the path specified)","trace":"java.lang.RuntimeException: java.io.FileNotFoundException: D:\\Projects\\IdeaProjects\\ChatgptProject\\servicessrc\\test\\resources\\testData\\excelData.xlsx (The system cannot find the path specified)\r\n\tat org.testng.internal.invokers.MethodInvocationHelper.invokeMethodNoCheckedException(MethodInvocationHelper.java:58)\r\n\tat org.testng.internal.invokers.MethodInvocationHelper.invokeDataProvider(MethodInvocationHelper.java:159)\r\n\tat org.testng.internal.Parameters.handleParameters(Parameters.java:809)\r\n\tat org.testng.internal.Parameters.handleParameters(Parameters.java:734)\r\n\tat org.testng.internal.invokers.ParameterHandler.handleParameters(ParameterHandler.java:72)\r\n\tat org.testng.internal.invokers.ParameterHandler.createParameters(ParameterHandler.java:51)\r\n\tat org.testng.internal.invokers.TestInvoker$MethodInvocationAgent.invoke(TestInvoker.java:946)\r\n\tat org.testng.internal.invokers.TestInvoker.invokeTestMethods(TestInvoker.java:203)\r\n\tat org.testng.internal.invokers.TestMethodWorker.invokeTestMethods(TestMethodWorker.java:154)\r\n\tat org.testng.internal.invokers.TestMethodWorker.run(TestMethodWorker.java:134)\r\n\tat java.base/java.util.ArrayList.forEach(ArrayList.java:1511)\r\n\tat org.testng.TestRunner.privateRun(TestRunner.java:739)\r\n\tat org.testng.TestRunner.run(TestRunner.java:614)\r\n\tat org.testng.SuiteRunner.runTest(SuiteRunner.java:421)\r\n\tat org.testng.SuiteRunner.runSequentially(SuiteRunner.java:413)\r\n\tat org.testng.SuiteRunner.privateRun(SuiteRunner.java:373)\r\n\tat org.testng.SuiteRunner.run(SuiteRunner.java:312)\r\n\tat org.testng.SuiteRunnerWorker.runSuite(SuiteRunnerWorker.java:52)\r\n\tat org.testng.SuiteRunnerWorker.run(SuiteRunnerWorker.java:95)\r\n\tat org.testng.TestNG.runSuitesSequentially(TestNG.java:1274)\r\n\tat org.testng.TestNG.runSuitesLocally(TestNG.java:1208)\r\n\tat org.testng.TestNG.runSuites(TestNG.java:1112)\r\n\tat org.testng.TestNG.run(TestNG.java:1079)\r\n\tat com.intellij.rt.testng.IDEARemoteTestNG.run(IDEARemoteTestNG.java:65)\r\n\tat com.intellij.rt.testng.RemoteTestNGStarter.main(RemoteTestNGStarter.java:105)\r\nCaused by: java.io.FileNotFoundException: D:\\Projects\\IdeaProjects\\ChatgptProject\\servicessrc\\test\\resources\\testData\\excelData.xlsx (The system cannot find the path specified)\r\n\tat java.base/java.io.FileInputStream.open0(Native Method)\r\n\tat java.base/java.io.FileInputStream.open(FileInputStream.java:216)\r\n\tat java.base/java.io.FileInputStream.<init>(FileInputStream.java:157)\r\n\tat java.base/java.io.FileInputStream.<init>(FileInputStream.java:111)\r\n\tat api.utilities.XLUtility.getRowCount(XLUtility.java:35)\r\n\tat api.utilities.DataProviders.getAllData(DataProviders.java:17)\r\n\tat java.base/jdk.internal.reflect.NativeMethodAccessorImpl.invoke0(Native Method)\r\n\tat java.base/jdk.internal.reflect.NativeMethodAccessorImpl.invoke(NativeMethodAccessorImpl.java:77)\r\n\tat java.base/jdk.internal.reflect.DelegatingMethodAccessorImpl.invoke(DelegatingMethodAccessorImpl.java:43)\r\n\tat java.base/java.lang.reflect.Method.invoke(Method.java:568)\r\n\tat org.testng.internal.invokers.MethodInvocationHelper.invokeMethod(MethodInvocationHelper.java:141)\r\n\tat org.testng.internal.invokers.MethodInvocationHelper.invokeMethod(MethodInvocationHelper.java:86)\r\n\tat org.testng.internal.invokers.MethodInvocationHelper.invokeMethodNoCheckedException(MethodInvocationHelper.java:54)\r\n\t... 24 more\r\n"},"stage":"finished","steps":[],"attachments":[],"parameters":[],"start":1721787193528,"stop":1721787193536}